Using pre-set license
Built from '2020.3/staging' branch; Version is '2020.3.19f1 (68f137dc9bbe) revision 6877495'; Using compiler version '192528614'; Build Type 'Release'
OS: 'Windows 10 Home; OS build 19044.1586; Version 2009; 64bit' Language: 'en' Physical Memory: 6058 MB
BatchMode: 1, IsHumanControllingUs: 0, StartBugReporterOnCrash: 0, Is64bit: 1, IsPro: 0

COMMAND LINE ARGUMENTS:
C:\Program Files\Unity\Hub\Editor\2020.3.19f1\Editor\Unity.exe
-adb2
-batchMode
-noUpm
-name
AssetImportWorker0
-projectPath
C:/Users/lapto/OneDrive/Documents/Oliver B Unity/OB - Super Shapes
-logFile
Logs/AssetImportWorker0.log
-srvPort
56585
Successfully changed project path to: C:/Users/lapto/OneDrive/Documents/Oliver B Unity/OB - Super Shapes
C:/Users/lapto/OneDrive/Documents/Oliver B Unity/OB - Super Shapes
Using Asset Import Pipeline V2.
Refreshing native plugins compatible for Editor in 75.23 ms, found 3 plugins.
Preloading 0 native plugins for Editor in 0.00 ms.
Initialize engine version: 2020.3.19f1 (68f137dc9bbe)
[Subsystems] Discovering subsystems at path C:/Program Files/Unity/Hub/Editor/2020.3.19f1/Editor/Data/Resources/UnitySubsystems
[Subsystems] Discovering subsystems at path C:/Users/lapto/OneDrive/Documents/Oliver B Unity/OB - Super Shapes/Assets
GfxDevice: creating device client; threaded=0
Direct3D:
    Version:  Direct3D 11.0 [level 11.1]
    Renderer: AMD Radeon(TM) Vega 3 Graphics (ID=0x15d8)
    Vendor:   
    VRAM:     3029 MB
    Driver:   27.20.15030.3002
Initialize mono
Mono path[0] = 'C:/Program Files/Unity/Hub/Editor/2020.3.19f1/Editor/Data/Managed'
Mono path[1] = 'C:/Program Files/Unity/Hub/Editor/2020.3.19f1/Editor/Data/MonoBleedingEdge/lib/mono/unityjit'
Mono config path = 'C:/Program Files/Unity/Hub/Editor/2020.3.19f1/Editor/Data/MonoBleedingEdge/etc'
Using monoOptions --debugger-agent=transport=dt_socket,embedding=1,server=y,suspend=n,address=127.0.0.1:56684
Begin MonoManager ReloadAssembly
Registering precompiled unity dll's ...
Register platform support module: C:/Program Files/Unity/Hub/Editor/2020.3.19f1/Editor/Data/PlaybackEngines/WindowsStandaloneSupport/UnityEditor.WindowsStandalone.Extensions.dll
Registered in 0.003582 seconds.
Native extension for WindowsStandalone target not found
Refreshing native plugins compatible for Editor in 68.23 ms, found 3 plugins.
Preloading 0 native plugins for Editor in 0.00 ms.
Mono: successfully reloaded assembly
- Completed reload, in  1.834 seconds
Domain Reload Profiling:
	ReloadAssembly (1834ms)
		BeginReloadAssembly (104ms)
			ExecutionOrderSort (0ms)
			DisableScriptedObjects (0ms)
			BackupInstance (0ms)
			ReleaseScriptingObjects (0ms)
			CreateAndSetChildDomain (1ms)
		EndReloadAssembly (615ms)
			LoadAssemblies (101ms)
			RebuildTransferFunctionScriptingTraits (0ms)
			SetupTypeCache (226ms)
			ReleaseScriptCaches (0ms)
			RebuildScriptCaches (40ms)
			SetupLoadedEditorAssemblies (252ms)
				LogAssemblyErrors (0ms)
				InitializePlatformSupportModulesInManaged (7ms)
				SetLoadedEditorAssemblies (0ms)
				RefreshPlugins (68ms)
				BeforeProcessingInitializeOnLoad (12ms)
				ProcessInitializeOnLoadAttributes (117ms)
				ProcessInitializeOnLoadMethodAttributes (46ms)
				AfterProcessingInitializeOnLoad (0ms)
				EditorAssembliesLoaded (0ms)
			ExecutionOrderSort2 (0ms)
			AwakeInstancesAfterBackupRestoration (0ms)
Platform modules already initialized, skipping
Registering precompiled user dll's ...
Registered in 0.007001 seconds.
Begin MonoManager ReloadAssembly
Native extension for WindowsStandalone target not found
Refreshing native plugins compatible for Editor in 102.11 ms, found 3 plugins.
Preloading 0 native plugins for Editor in 0.00 ms.
Mono: successfully reloaded assembly
- Completed reload, in  1.980 seconds
Domain Reload Profiling:
	ReloadAssembly (1982ms)
		BeginReloadAssembly (224ms)
			ExecutionOrderSort (0ms)
			DisableScriptedObjects (7ms)
			BackupInstance (0ms)
			ReleaseScriptingObjects (0ms)
			CreateAndSetChildDomain (27ms)
		EndReloadAssembly (1646ms)
			LoadAssemblies (160ms)
			RebuildTransferFunctionScriptingTraits (0ms)
			SetupTypeCache (402ms)
			ReleaseScriptCaches (1ms)
			RebuildScriptCaches (116ms)
			SetupLoadedEditorAssemblies (659ms)
				LogAssemblyErrors (0ms)
				InitializePlatformSupportModulesInManaged (10ms)
				SetLoadedEditorAssemblies (1ms)
				RefreshPlugins (102ms)
				BeforeProcessingInitializeOnLoad (119ms)
				ProcessInitializeOnLoadAttributes (389ms)
				ProcessInitializeOnLoadMethodAttributes (26ms)
				AfterProcessingInitializeOnLoad (11ms)
				EditorAssembliesLoaded (0ms)
			ExecutionOrderSort2 (0ms)
			AwakeInstancesAfterBackupRestoration (9ms)
Platform modules already initialized, skipping
========================================================================
Worker process is ready to serve import requests
Launched and connected shader compiler UnityShaderCompiler.exe after 0.07 seconds
Refreshing native plugins compatible for Editor in 0.71 ms, found 3 plugins.
Preloading 0 native plugins for Editor in 0.00 ms.
Unloading 2172 Unused Serialized files (Serialized files now loaded: 0)
System memory in use before: 113.3 MB.
System memory in use after: 113.3 MB.

Unloading 30 unused Assets to reduce memory usage. Loaded Objects now: 2617.
Total: 5.674900 ms (FindLiveObjects: 0.410300 ms CreateObjectMapping: 0.105000 ms MarkObjects: 4.865400 ms  DeleteObjects: 0.292000 ms)

AssetImportParameters requested are different than current active one (requested -> active):
  custom:framework-win-MediaFoundation: 216162199b28c13a410421893ffa2e32 -> 
  custom:video-decoder-ogg-theora: a1e56fd34408186e4bbccfd4996cb3dc -> 
  custom:container-muxer-webm: aa71ff27fc2769a1b78a27578f13a17b -> 
  custom:container-demuxer-webm: 4f35f7cbe854078d1ac9338744f61a02 -> 
  custom:container-demuxer-ogg: 62fdf1f143b41e24485cea50d1cbac27 -> 
  custom:video-encoder-webm-vp8: eb34c28f22e8b96e1ab97ce403110664 -> 
  custom:video-decoder-webm-vp8: 9c59270c3fd7afecdb556c50c9e8de78 -> 
  custom:audio-decoder-ogg-vorbis: bf7c407c2cedff20999df2af8eb42d56 -> 
  custom:audio-encoder-webm-vorbis: bf7c407c2cedff20999df2af8eb42d56 -> 
========================================================================
Received Import Request.
  path: Assets/Font
  artifactKey: Guid(1e1fa526eebf0fc45a9cdfb73182d344) Importer(815301076,1909f56bfc062723c751e8b465ee728b)
Start importing Assets/Font using Guid(1e1fa526eebf0fc45a9cdfb73182d344) Importer(815301076,1909f56bfc062723c751e8b465ee728b)  -> (artifact id: '374777a9893a793629b9dff069004af6') in 0.012046 seconds 
  Import took 0.022690 seconds .

========================================================================
Received Import Request.
  Time since last request: 151.442470 seconds.
  path: Assets/Sprites/3 Sides.png
  artifactKey: Guid(7a4e9177ffd20ff41a4390125719a253) Importer(815301076,1909f56bfc062723c751e8b465ee728b)
Start importing Assets/Sprites/3 Sides.png using Guid(7a4e9177ffd20ff41a4390125719a253) Importer(815301076,1909f56bfc062723c751e8b465ee728b)  -> (artifact id: 'cc4ff5ea403d1fc940de7af8f446e58e') in 0.204874 seconds 
  Import took 0.210394 seconds .

========================================================================
Received Import Request.
  Time since last request: 0.000345 seconds.
  path: Assets/_MK/MKGlowFree/Examples/Textures/heart.png
  artifactKey: Guid(fde605a87f0f9b74ebd094a72f14a1c6) Importer(815301076,1909f56bfc062723c751e8b465ee728b)
Start importing Assets/_MK/MKGlowFree/Examples/Textures/heart.png using Guid(fde605a87f0f9b74ebd094a72f14a1c6) Importer(815301076,1909f56bfc062723c751e8b465ee728b)  -> (artifact id: '149cc23995a0e03efd17e3b323180cc6') in 0.021356 seconds 
  Import took 0.027184 seconds .

========================================================================
Received Import Request.
  Time since last request: 0.000358 seconds.
  path: Assets/Sprites/Pentagon2.png
  artifactKey: Guid(ec81cba069ef5724aade93a32b65918b) Importer(815301076,1909f56bfc062723c751e8b465ee728b)
Start importing Assets/Sprites/Pentagon2.png using Guid(ec81cba069ef5724aade93a32b65918b) Importer(815301076,1909f56bfc062723c751e8b465ee728b)  -> (artifact id: '03f890311299e9a46ebec21ab196461b') in 0.018876 seconds 
  Import took 0.024600 seconds .

========================================================================
Received Import Request.
  Time since last request: 0.000289 seconds.
  path: Assets/Sprites/Hexagon2.png
  artifactKey: Guid(125346440524349419b1db74a0554533) Importer(815301076,1909f56bfc062723c751e8b465ee728b)
Start importing Assets/Sprites/Hexagon2.png using Guid(125346440524349419b1db74a0554533) Importer(815301076,1909f56bfc062723c751e8b465ee728b)  -> (artifact id: '687fb7b25d89db1c81abe077080369cf') in 0.031102 seconds 
  Import took 0.036658 seconds .

========================================================================
Received Import Request.
  Time since last request: 0.000325 seconds.
  path: Assets/Sprites/Triangle2.png
  artifactKey: Guid(f3bced90d3e722a40a022ab53c2ea83a) Importer(815301076,1909f56bfc062723c751e8b465ee728b)
Start importing Assets/Sprites/Triangle2.png using Guid(f3bced90d3e722a40a022ab53c2ea83a) Importer(815301076,1909f56bfc062723c751e8b465ee728b)  -> (artifact id: '3f085b16bc76a0b7999dc26e221fb8e9') in 0.018826 seconds 
  Import took 0.023462 seconds .

========================================================================
Received Import Request.
  Time since last request: 28.762707 seconds.
  path: Assets/_MK/MKGlowFree/Examples/Materials/Wall1.mat
  artifactKey: Guid(727884aee21a781469894761b5f79bb6) Importer(815301076,1909f56bfc062723c751e8b465ee728b)
Start importing Assets/_MK/MKGlowFree/Examples/Materials/Wall1.mat using Guid(727884aee21a781469894761b5f79bb6) Importer(815301076,1909f56bfc062723c751e8b465ee728b)  -> (artifact id: 'bb8024564cd851c6643c9a57e2cbdb21') in 0.399071 seconds 
  Import took 0.404301 seconds .

========================================================================
Received Import Request.
  Time since last request: 0.000430 seconds.
  path: Assets/_MK/MKGlowFree/Examples/Materials/UIDefaultSelective.mat
  artifactKey: Guid(0d2d057f715926b4b8fa54dda1da6453) Importer(815301076,1909f56bfc062723c751e8b465ee728b)
Start importing Assets/_MK/MKGlowFree/Examples/Materials/UIDefaultSelective.mat using Guid(0d2d057f715926b4b8fa54dda1da6453) Importer(815301076,1909f56bfc062723c751e8b465ee728b)  -> (artifact id: '08144a34664dc2add48ede6278c24679') in 0.016725 seconds 
  Import took 0.022553 seconds .

========================================================================
Received Import Request.
  Time since last request: 0.000619 seconds.
  path: Assets/_MK/MKGlowFree/Examples/Materials/Wall0.mat
  artifactKey: Guid(3ccb25c58c8659e42b18f4a4f3239969) Importer(815301076,1909f56bfc062723c751e8b465ee728b)
Start importing Assets/_MK/MKGlowFree/Examples/Materials/Wall0.mat using Guid(3ccb25c58c8659e42b18f4a4f3239969) Importer(815301076,1909f56bfc062723c751e8b465ee728b)  -> (artifact id: 'dd893cf4de61c19a3498b4c25fd7c123') in 0.022735 seconds 
  Import took 0.028284 seconds .

========================================================================
Received Import Request.
  Time since last request: 0.000596 seconds.
  path: Assets/_MK/MKGlowFree/Examples/Materials/UIDefaultLuminance.mat
  artifactKey: Guid(6a91cfdf6e2a9044bbbb1b4027083bb6) Importer(815301076,1909f56bfc062723c751e8b465ee728b)
Start importing Assets/_MK/MKGlowFree/Examples/Materials/UIDefaultLuminance.mat using Guid(6a91cfdf6e2a9044bbbb1b4027083bb6) Importer(815301076,1909f56bfc062723c751e8b465ee728b)  -> (artifact id: '930807f97c397f62617a15e289c417f1') in 0.017909 seconds 
  Import took 0.023255 seconds .

========================================================================
Received Import Request.
  Time since last request: 0.000291 seconds.
  path: Assets/Material/Triangle.mat
  artifactKey: Guid(fd9268f7f94256f48b4c12008a6f9a7b) Importer(815301076,1909f56bfc062723c751e8b465ee728b)
Start importing Assets/Material/Triangle.mat using Guid(fd9268f7f94256f48b4c12008a6f9a7b) Importer(815301076,1909f56bfc062723c751e8b465ee728b)  -> (artifact id: '63229f02464d039e66ec6870111363a7') in 0.057056 seconds 
  Import took 0.062868 seconds .

========================================================================
Received Import Request.
  Time since last request: 0.993211 seconds.
  path: Assets/_MK/MKGlowFree/Examples/Materials/TabletLuminance.mat
  artifactKey: Guid(217bc8bd8afebf64ab890c093f6de872) Importer(815301076,1909f56bfc062723c751e8b465ee728b)
Start importing Assets/_MK/MKGlowFree/Examples/Materials/TabletLuminance.mat using Guid(217bc8bd8afebf64ab890c093f6de872) Importer(815301076,1909f56bfc062723c751e8b465ee728b)  -> (artifact id: '4ea5784ed732bdfff263e7e7c67eb934') in 0.193881 seconds 
  Import took 0.198899 seconds .

========================================================================
Received Import Request.
  Time since last request: 0.000297 seconds.
  path: Assets/_MK/MKGlowFree/Examples/Materials/SpriteSelective.mat
  artifactKey: Guid(878ccd3b73469f641b70e7165920f6ff) Importer(815301076,1909f56bfc062723c751e8b465ee728b)
Start importing Assets/_MK/MKGlowFree/Examples/Materials/SpriteSelective.mat using Guid(878ccd3b73469f641b70e7165920f6ff) Importer(815301076,1909f56bfc062723c751e8b465ee728b)  -> (artifact id: 'eba85d3c8106ba13cba0fab6d96a4db6') in 0.018027 seconds 
  Import took 0.022908 seconds .

========================================================================
Received Import Request.
  Time since last request: 0.000407 seconds.
  path: Assets/_MK/MKGlowFree/Examples/Materials/TabletSelective.mat
  artifactKey: Guid(8e9038aaf0d1e4e4587963650d617227) Importer(815301076,1909f56bfc062723c751e8b465ee728b)
Start importing Assets/_MK/MKGlowFree/Examples/Materials/TabletSelective.mat using Guid(8e9038aaf0d1e4e4587963650d617227) Importer(815301076,1909f56bfc062723c751e8b465ee728b)  -> (artifact id: '20b151953d96d38e1a6ac8543eee7d93') in 0.279203 seconds 
  Import took 0.285284 seconds .

========================================================================
Received Import Request.
  Time since last request: 0.000447 seconds.
  path: Assets/_MK/MKGlowFree/Examples/Materials/Skybox.mat
  artifactKey: Guid(6de8d580c5975f34cb6e90b9e399cc8f) Importer(815301076,1909f56bfc062723c751e8b465ee728b)
Start importing Assets/_MK/MKGlowFree/Examples/Materials/Skybox.mat using Guid(6de8d580c5975f34cb6e90b9e399cc8f) Importer(815301076,1909f56bfc062723c751e8b465ee728b)  -> (artifact id: 'f2d2f95ee83c7edaf9ad53263d0d5031') in 0.258957 seconds 
  Import took 0.265810 seconds .

========================================================================
Received Import Request.
  Time since last request: 0.000343 seconds.
  path: Assets/Font/droid.ttf
  artifactKey: Guid(ad687fcfbe1a1e4499cb22ff97e1e73d) Importer(815301076,1909f56bfc062723c751e8b465ee728b)
Start importing Assets/Font/droid.ttf using Guid(ad687fcfbe1a1e4499cb22ff97e1e73d) Importer(815301076,1909f56bfc062723c751e8b465ee728b)  -> (artifact id: '8609745b71edc48631420a59a0336fc6') in 0.035279 seconds 
  Import took 0.041538 seconds .

========================================================================
Received Import Request.
  Time since last request: 0.000333 seconds.
  path: Assets/_MK/MKGlowFree/Examples/Materials/Obelisk.mat
  artifactKey: Guid(9d543aac248f581449a65074e8d1bfd9) Importer(815301076,1909f56bfc062723c751e8b465ee728b)
Start importing Assets/_MK/MKGlowFree/Examples/Materials/Obelisk.mat using Guid(9d543aac248f581449a65074e8d1bfd9) Importer(815301076,1909f56bfc062723c751e8b465ee728b)  -> (artifact id: '780bdc29eec41f50fb8d121ea777fd8a') in 0.024535 seconds 
  Import took 0.029757 seconds .

========================================================================
Received Import Request.
  Time since last request: 0.000302 seconds.
  path: Assets/_MK/MKGlowFree/Examples/Materials/SpriteLuminance.mat
  artifactKey: Guid(6b4639a39fb87c54f9430f963bd9a72b) Importer(815301076,1909f56bfc062723c751e8b465ee728b)
Start importing Assets/_MK/MKGlowFree/Examples/Materials/SpriteLuminance.mat using Guid(6b4639a39fb87c54f9430f963bd9a72b) Importer(815301076,1909f56bfc062723c751e8b465ee728b)  -> (artifact id: 'edeaa23ffba9521efdc8d41dbe87e99b') in 0.020941 seconds 
  Import took 0.026418 seconds .

========================================================================
Received Import Request.
  Time since last request: 0.000464 seconds.
  path: Assets/_MK/MKGlowFree/Examples/Materials/FlameSelective.mat
  artifactKey: Guid(1c2f211c73a45ad42ac6cb30360cfab4) Importer(815301076,1909f56bfc062723c751e8b465ee728b)
Start importing Assets/_MK/MKGlowFree/Examples/Materials/FlameSelective.mat using Guid(1c2f211c73a45ad42ac6cb30360cfab4) Importer(815301076,1909f56bfc062723c751e8b465ee728b)  -> (artifact id: '6e5d3c840bd8ddb060c6433f31310eca') in 0.027429 seconds 
  Import took 0.032612 seconds .

========================================================================
Received Import Request.
  Time since last request: 0.000475 seconds.
  path: Assets/Material/Pentagon.mat
  artifactKey: Guid(8fb6a11344a871140a21e1e673fbcf14) Importer(815301076,1909f56bfc062723c751e8b465ee728b)
Start importing Assets/Material/Pentagon.mat using Guid(8fb6a11344a871140a21e1e673fbcf14) Importer(815301076,1909f56bfc062723c751e8b465ee728b)  -> (artifact id: '23e4ae4af8f95972a8ac1d2fb89a6e64') in 0.013171 seconds 
  Import took 0.019411 seconds .

========================================================================
Received Import Request.
  Time since last request: 0.000316 seconds.
  path: Assets/_MK/MKGlowFree/Examples/Materials/SparksLuminance.mat
  artifactKey: Guid(b28270296bbf5bf4595051da73e0106d) Importer(815301076,1909f56bfc062723c751e8b465ee728b)
Start importing Assets/_MK/MKGlowFree/Examples/Materials/SparksLuminance.mat using Guid(b28270296bbf5bf4595051da73e0106d) Importer(815301076,1909f56bfc062723c751e8b465ee728b)  -> (artifact id: '84e21972221cd3c0655e29b6f623d4c5') in 0.120972 seconds 
  Import took 0.125587 seconds .

========================================================================
Received Import Request.
  Time since last request: 0.000347 seconds.
  path: Assets/_MK/MKGlowFree/Examples/Materials/Rune.mat
  artifactKey: Guid(6a9a800a019029e43a571d32dec4dee5) Importer(815301076,1909f56bfc062723c751e8b465ee728b)
Start importing Assets/_MK/MKGlowFree/Examples/Materials/Rune.mat using Guid(6a9a800a019029e43a571d32dec4dee5) Importer(815301076,1909f56bfc062723c751e8b465ee728b)  -> (artifact id: 'dc5723263d43c23a614174ab44ceb71a') in 0.023886 seconds 
  Import took 0.029828 seconds .

========================================================================
Received Import Request.
  Time since last request: 0.000517 seconds.
  path: Assets/_MK/MKGlowFree/Examples/Materials/GlowCube.mat
  artifactKey: Guid(53e1a5bd03902f345a270144e5194bc7) Importer(815301076,1909f56bfc062723c751e8b465ee728b)
Start importing Assets/_MK/MKGlowFree/Examples/Materials/GlowCube.mat using Guid(53e1a5bd03902f345a270144e5194bc7) Importer(815301076,1909f56bfc062723c751e8b465ee728b)  -> (artifact id: 'b1654781e42b51a2f33d19d6ad63896e') in 0.163713 seconds 
  Import took 0.173945 seconds .

========================================================================
Received Import Request.
  Time since last request: 0.000511 seconds.
  path: Assets/_MK/MKGlowFree/Examples/Materials/Dice.mat
  artifactKey: Guid(3a79c00c48267294fa2e40eff8a4e6b4) Importer(815301076,1909f56bfc062723c751e8b465ee728b)
Start importing Assets/_MK/MKGlowFree/Examples/Materials/Dice.mat using Guid(3a79c00c48267294fa2e40eff8a4e6b4) Importer(815301076,1909f56bfc062723c751e8b465ee728b)  -> (artifact id: '47cee4be2cb6c0feacfd470e9c7811d1') in 0.020414 seconds 
  Import took 0.025585 seconds .

========================================================================
Received Import Request.
  Time since last request: 0.000377 seconds.
  path: Assets/_MK/MKGlowFree/Examples/Materials/CubeEmissive0.mat
  artifactKey: Guid(b3cb5f103012ea345b1ca739e5d0d966) Importer(815301076,1909f56bfc062723c751e8b465ee728b)
Start importing Assets/_MK/MKGlowFree/Examples/Materials/CubeEmissive0.mat using Guid(b3cb5f103012ea345b1ca739e5d0d966) Importer(815301076,1909f56bfc062723c751e8b465ee728b)  -> (artifact id: 'a681b9fbed0917be0208a0864de30b9d') in 0.015628 seconds 
  Import took 0.021188 seconds .

========================================================================
Received Import Request.
  Time since last request: 0.000457 seconds.
  path: Assets/_MK/MKGlowFree/Examples/Materials/AsteroidMat0.mat
  artifactKey: Guid(aa221cbf7916f0c4e83c9958b70c6f4c) Importer(815301076,1909f56bfc062723c751e8b465ee728b)
Start importing Assets/_MK/MKGlowFree/Examples/Materials/AsteroidMat0.mat using Guid(aa221cbf7916f0c4e83c9958b70c6f4c) Importer(815301076,1909f56bfc062723c751e8b465ee728b)  -> (artifact id: 'bbd5abfc4a5cd547770712dd5159a524') in 0.017840 seconds 
  Import took 0.023228 seconds .

========================================================================
Received Import Request.
  Time since last request: 0.000390 seconds.
  path: Assets/Material/3Sides.mat
  artifactKey: Guid(fee322400c87cc4489e4dcbfe8d9c696) Importer(815301076,1909f56bfc062723c751e8b465ee728b)
Start importing Assets/Material/3Sides.mat using Guid(fee322400c87cc4489e4dcbfe8d9c696) Importer(815301076,1909f56bfc062723c751e8b465ee728b)  -> (artifact id: 'd38e7f4663c99d486ce412d447afb68c') in 0.015778 seconds 
  Import took 0.020795 seconds .

========================================================================
Received Import Request.
  Time since last request: 0.000313 seconds.
  path: Assets/_MK/MKGlowFree/Examples/Materials/FlameLuminance.mat
  artifactKey: Guid(3e070e54cb3e22147a86f65fb12f464b) Importer(815301076,1909f56bfc062723c751e8b465ee728b)
Start importing Assets/_MK/MKGlowFree/Examples/Materials/FlameLuminance.mat using Guid(3e070e54cb3e22147a86f65fb12f464b) Importer(815301076,1909f56bfc062723c751e8b465ee728b)  -> (artifact id: '35e59469d7659e0228308af6d7f86df0') in 0.060874 seconds 
  Import took 0.066344 seconds .

========================================================================
Received Import Request.
  Time since last request: 0.000337 seconds.
  path: Assets/Material/Player.mat
  artifactKey: Guid(921af07bfe8a92b4a954baa8305f56f4) Importer(815301076,1909f56bfc062723c751e8b465ee728b)
Start importing Assets/Material/Player.mat using Guid(921af07bfe8a92b4a954baa8305f56f4) Importer(815301076,1909f56bfc062723c751e8b465ee728b)  -> (artifact id: '154fe9f77c4b2070899f8edc3efc584a') in 0.016257 seconds 
  Import took 0.021345 seconds .

========================================================================
Received Import Request.
  Time since last request: 0.000409 seconds.
  path: Assets/_MK/MKGlowFree/Examples/Materials/AsteroidMat2.mat
  artifactKey: Guid(9779557c388bc9245939afbb34e40e09) Importer(815301076,1909f56bfc062723c751e8b465ee728b)
Start importing Assets/_MK/MKGlowFree/Examples/Materials/AsteroidMat2.mat using Guid(9779557c388bc9245939afbb34e40e09) Importer(815301076,1909f56bfc062723c751e8b465ee728b)  -> (artifact id: '4c7c1aacd9e04a87a63772e8d98a6392') in 0.026558 seconds 
  Import took 0.032860 seconds .

========================================================================
Received Import Request.
  Time since last request: 0.000445 seconds.
  path: Assets/Material/Hexagon.mat
  artifactKey: Guid(9c23a7df46aad054587e117dc89f2b88) Importer(815301076,1909f56bfc062723c751e8b465ee728b)
Start importing Assets/Material/Hexagon.mat using Guid(9c23a7df46aad054587e117dc89f2b88) Importer(815301076,1909f56bfc062723c751e8b465ee728b)  -> (artifact id: '6d3091fb90c4f5c64e42d9e8b97c44f0') in 0.014498 seconds 
  Import took 0.019628 seconds .

========================================================================
Received Import Request.
  Time since last request: 0.000378 seconds.
  path: Assets/Font/upheavtt.ttf
  artifactKey: Guid(1f62d00c234245c4cb0f55b508983372) Importer(815301076,1909f56bfc062723c751e8b465ee728b)
Start importing Assets/Font/upheavtt.ttf using Guid(1f62d00c234245c4cb0f55b508983372) Importer(815301076,1909f56bfc062723c751e8b465ee728b)  -> (artifact id: '99d48cb8e115e57a72d521075cd3cf85') in 0.023534 seconds 
  Import took 0.028739 seconds .

========================================================================
Received Import Request.
  Time since last request: 0.000378 seconds.
  path: Assets/_MK/MKGlowFree/Examples/Materials/SparksSelective.mat
  artifactKey: Guid(cbdef9bdc6070e74597e595c3a7acf06) Importer(815301076,1909f56bfc062723c751e8b465ee728b)
Start importing Assets/_MK/MKGlowFree/Examples/Materials/SparksSelective.mat using Guid(cbdef9bdc6070e74597e595c3a7acf06) Importer(815301076,1909f56bfc062723c751e8b465ee728b)  -> (artifact id: 'c64f42fc2c0af9e9da07e01530421083') in 0.025673 seconds 
  Import took 0.030773 seconds .

========================================================================
Received Import Request.
  Time since last request: 0.000292 seconds.
  path: Assets/_MK/MKGlowFree/Examples/Materials/AsteroidMat1.mat
  artifactKey: Guid(03e73bf41c04040449227ac1800a82c2) Importer(815301076,1909f56bfc062723c751e8b465ee728b)
Start importing Assets/_MK/MKGlowFree/Examples/Materials/AsteroidMat1.mat using Guid(03e73bf41c04040449227ac1800a82c2) Importer(815301076,1909f56bfc062723c751e8b465ee728b)  -> (artifact id: '7245bafa7ff15d9fcf015eeb71031234') in 0.019682 seconds 
  Import took 0.024933 seconds .

========================================================================
Received Prepare
Registering precompiled user dll's ...
Registered in 0.007511 seconds.
Begin MonoManager ReloadAssembly
Native extension for WindowsStandalone target not found
Refreshing native plugins compatible for Editor in 0.56 ms, found 3 plugins.
Preloading 0 native plugins for Editor in 0.00 ms.
Mono: successfully reloaded assembly
- Completed reload, in  1.620 seconds
Domain Reload Profiling:
	ReloadAssembly (1620ms)
		BeginReloadAssembly (224ms)
			ExecutionOrderSort (0ms)
			DisableScriptedObjects (11ms)
			BackupInstance (0ms)
			ReleaseScriptingObjects (0ms)
			CreateAndSetChildDomain (75ms)
		EndReloadAssembly (1289ms)
			LoadAssemblies (169ms)
			RebuildTransferFunctionScriptingTraits (0ms)
			SetupTypeCache (428ms)
			ReleaseScriptCaches (1ms)
			RebuildScriptCaches (62ms)
			SetupLoadedEditorAssemblies (483ms)
				LogAssemblyErrors (0ms)
				InitializePlatformSupportModulesInManaged (7ms)
				SetLoadedEditorAssemblies (1ms)
				RefreshPlugins (1ms)
				BeforeProcessingInitializeOnLoad (104ms)
				ProcessInitializeOnLoadAttributes (348ms)
				ProcessInitializeOnLoadMethodAttributes (8ms)
				AfterProcessingInitializeOnLoad (15ms)
				EditorAssembliesLoaded (0ms)
			ExecutionOrderSort2 (0ms)
			AwakeInstancesAfterBackupRestoration (17ms)
Platform modules already initialized, skipping
Refreshing native plugins compatible for Editor in 1.02 ms, found 3 plugins.
Preloading 0 native plugins for Editor in 0.00 ms.
Unloading 2118 Unused Serialized files (Serialized files now loaded: 0)
System memory in use before: 112.0 MB.
System memory in use after: 112.1 MB.

Unloading 19 unused Assets to reduce memory usage. Loaded Objects now: 2671.
Total: 4.932000 ms (FindLiveObjects: 0.378500 ms CreateObjectMapping: 0.097200 ms MarkObjects: 4.237900 ms  DeleteObjects: 0.216700 ms)

AssetImportParameters requested are different than current active one (requested -> active):
  custom:framework-win-MediaFoundation: 216162199b28c13a410421893ffa2e32 -> 
  custom:video-decoder-ogg-theora: a1e56fd34408186e4bbccfd4996cb3dc -> 
  custom:container-muxer-webm: aa71ff27fc2769a1b78a27578f13a17b -> 
  custom:container-demuxer-webm: 4f35f7cbe854078d1ac9338744f61a02 -> 
  custom:container-demuxer-ogg: 62fdf1f143b41e24485cea50d1cbac27 -> 
  custom:video-encoder-webm-vp8: eb34c28f22e8b96e1ab97ce403110664 -> 
  custom:video-decoder-webm-vp8: 9c59270c3fd7afecdb556c50c9e8de78 -> 
  custom:audio-decoder-ogg-vorbis: bf7c407c2cedff20999df2af8eb42d56 -> 
  custom:audio-encoder-webm-vorbis: bf7c407c2cedff20999df2af8eb42d56 -> 
========================================================================
Received Prepare
Registering precompiled user dll's ...
Registered in 0.006410 seconds.
Begin MonoManager ReloadAssembly
Native extension for WindowsStandalone target not found
Refreshing native plugins compatible for Editor in 1.00 ms, found 3 plugins.
Preloading 0 native plugins for Editor in 0.00 ms.
Mono: successfully reloaded assembly
- Completed reload, in  1.580 seconds
Domain Reload Profiling:
	ReloadAssembly (1581ms)
		BeginReloadAssembly (184ms)
			ExecutionOrderSort (0ms)
			DisableScriptedObjects (10ms)
			BackupInstance (0ms)
			ReleaseScriptingObjects (0ms)
			CreateAndSetChildDomain (52ms)
		EndReloadAssembly (1285ms)
			LoadAssemblies (163ms)
			RebuildTransferFunctionScriptingTraits (0ms)
			SetupTypeCache (451ms)
			ReleaseScriptCaches (1ms)
			RebuildScriptCaches (60ms)
			SetupLoadedEditorAssemblies (462ms)
				LogAssemblyErrors (0ms)
				InitializePlatformSupportModulesInManaged (8ms)
				SetLoadedEditorAssemblies (2ms)
				RefreshPlugins (1ms)
				BeforeProcessingInitializeOnLoad (105ms)
				ProcessInitializeOnLoadAttributes (323ms)
				ProcessInitializeOnLoadMethodAttributes (10ms)
				AfterProcessingInitializeOnLoad (13ms)
				EditorAssembliesLoaded (0ms)
			ExecutionOrderSort2 (0ms)
			AwakeInstancesAfterBackupRestoration (17ms)
Platform modules already initialized, skipping
Refreshing native plugins compatible for Editor in 0.84 ms, found 3 plugins.
Preloading 0 native plugins for Editor in 0.00 ms.
Unloading 2118 Unused Serialized files (Serialized files now loaded: 0)
System memory in use before: 112.1 MB.
System memory in use after: 112.1 MB.

Unloading 18 unused Assets to reduce memory usage. Loaded Objects now: 2674.
Total: 4.003800 ms (FindLiveObjects: 0.295800 ms CreateObjectMapping: 0.077200 ms MarkObjects: 3.429300 ms  DeleteObjects: 0.199400 ms)

AssetImportParameters requested are different than current active one (requested -> active):
  custom:framework-win-MediaFoundation: 216162199b28c13a410421893ffa2e32 -> 
  custom:video-decoder-ogg-theora: a1e56fd34408186e4bbccfd4996cb3dc -> 
  custom:container-muxer-webm: aa71ff27fc2769a1b78a27578f13a17b -> 
  custom:container-demuxer-webm: 4f35f7cbe854078d1ac9338744f61a02 -> 
  custom:container-demuxer-ogg: 62fdf1f143b41e24485cea50d1cbac27 -> 
  custom:video-encoder-webm-vp8: eb34c28f22e8b96e1ab97ce403110664 -> 
  custom:video-decoder-webm-vp8: 9c59270c3fd7afecdb556c50c9e8de78 -> 
  custom:audio-decoder-ogg-vorbis: bf7c407c2cedff20999df2af8eb42d56 -> 
  custom:audio-encoder-webm-vorbis: bf7c407c2cedff20999df2af8eb42d56 -> 
========================================================================
Received Import Request.
  Time since last request: 711.278432 seconds.
  path: Assets/Prefabs/3 Sides.prefab
  artifactKey: Guid(d147164ba903349459e2b69461634b0a) Importer(815301076,1909f56bfc062723c751e8b465ee728b)
Start importing Assets/Prefabs/3 Sides.prefab using Guid(d147164ba903349459e2b69461634b0a) Importer(815301076,1909f56bfc062723c751e8b465ee728b)  -> (artifact id: 'e8b868178b9db816ef9366a938c2c42a') in 0.099132 seconds 
  Import took 0.104093 seconds .

========================================================================
Received Import Request.
  Time since last request: 0.000364 seconds.
  path: Assets/_MK/MKGlowFree/Examples/Prefabs/Asteroid0.prefab
  artifactKey: Guid(6fb513fa5b0f39748aa384943eb8697b) Importer(815301076,1909f56bfc062723c751e8b465ee728b)
Start importing Assets/_MK/MKGlowFree/Examples/Prefabs/Asteroid0.prefab using Guid(6fb513fa5b0f39748aa384943eb8697b) Importer(815301076,1909f56bfc062723c751e8b465ee728b)  -> (artifact id: 'b59564f949b99b8b8bc404074fc85156') in 0.068175 seconds 
  Import took 0.073507 seconds .

========================================================================
Received Import Request.
  Time since last request: 0.000346 seconds.
  path: Packages/com.unity.2d.spriteshape/Editor/ObjectMenuCreation/DefaultAssets/Sprite Shapes/Open Sprite Shape.prefab
  artifactKey: Guid(86ae7de409eb54f619fb1328e4d42480) Importer(815301076,1909f56bfc062723c751e8b465ee728b)
Start importing Packages/com.unity.2d.spriteshape/Editor/ObjectMenuCreation/DefaultAssets/Sprite Shapes/Open Sprite Shape.prefab using Guid(86ae7de409eb54f619fb1328e4d42480) Importer(815301076,1909f56bfc062723c751e8b465ee728b)  -> (artifact id: '1cd094d74455b6e3ebbdb90683f10d20') in 0.034176 seconds 
  Import took 0.039566 seconds .

========================================================================
Received Import Request.
  Time since last request: 0.000301 seconds.
  path: Packages/com.unity.2d.spriteshape/Editor/ObjectMenuCreation/DefaultAssets/Sprite Shapes/Closed Sprite Shape.prefab
  artifactKey: Guid(c0583b4e855c74b8c82e7b9b5efb5ce9) Importer(815301076,1909f56bfc062723c751e8b465ee728b)
Start importing Packages/com.unity.2d.spriteshape/Editor/ObjectMenuCreation/DefaultAssets/Sprite Shapes/Closed Sprite Shape.prefab using Guid(c0583b4e855c74b8c82e7b9b5efb5ce9) Importer(815301076,1909f56bfc062723c751e8b465ee728b)  -> (artifact id: 'c5c845828cede3f25819031102be01e1') in 0.019889 seconds 
  Import took 0.029303 seconds .

========================================================================
Received Import Request.
  Time since last request: 0.000443 seconds.
  path: Assets/Prefabs/Hexagon.prefab
  artifactKey: Guid(b9974bbe1181ab348968ea07c769aa47) Importer(815301076,1909f56bfc062723c751e8b465ee728b)
Start importing Assets/Prefabs/Hexagon.prefab using Guid(b9974bbe1181ab348968ea07c769aa47) Importer(815301076,1909f56bfc062723c751e8b465ee728b)  -> (artifact id: '0556896ab0de554ebb09a4f5367e5390') in 0.023690 seconds 
  Import took 0.029243 seconds .

========================================================================
Received Import Request.
  Time since last request: 0.000347 seconds.
  path: Assets/_MK/MKGlowFree/Examples/Prefabs/Asteroid1.prefab
  artifactKey: Guid(71b0ae4923e7bf94fb8ab7e219213bca) Importer(815301076,1909f56bfc062723c751e8b465ee728b)
Start importing Assets/_MK/MKGlowFree/Examples/Prefabs/Asteroid1.prefab using Guid(71b0ae4923e7bf94fb8ab7e219213bca) Importer(815301076,1909f56bfc062723c751e8b465ee728b)  -> (artifact id: '03a97d109c9856953c82bc722c22afc7') in 0.038811 seconds 
  Import took 0.044397 seconds .

========================================================================
Received Import Request.
  Time since last request: 0.000318 seconds.
  path: Assets/Prefabs/Player.prefab
  artifactKey: Guid(32230ba6f4513df4ab41f396e814f8d1) Importer(815301076,1909f56bfc062723c751e8b465ee728b)
Start importing Assets/Prefabs/Player.prefab using Guid(32230ba6f4513df4ab41f396e814f8d1) Importer(815301076,1909f56bfc062723c751e8b465ee728b)  -> (artifact id: 'ecc38cc38f432dd42f5503b7933b1e37') in 0.019305 seconds 
  Import took 0.025751 seconds .

========================================================================
Received Import Request.
  Time since last request: 0.000408 seconds.
  path: Assets/_MK/MKGlowFree/Examples/Prefabs/Asteroid2.prefab
  artifactKey: Guid(492af46e6b8373f41ba1c23ce7793d25) Importer(815301076,1909f56bfc062723c751e8b465ee728b)
Start importing Assets/_MK/MKGlowFree/Examples/Prefabs/Asteroid2.prefab using Guid(492af46e6b8373f41ba1c23ce7793d25) Importer(815301076,1909f56bfc062723c751e8b465ee728b)  -> (artifact id: '0787b930741f1b6f95b276a058595f90') in 0.043392 seconds 
  Import took 0.060589 seconds .

========================================================================
Received Import Request.
  Time since last request: 0.000341 seconds.
  path: Assets/Prefabs/GameOverCanvas.prefab
  artifactKey: Guid(4d260ae53ea38094e968ca102d743526) Importer(815301076,1909f56bfc062723c751e8b465ee728b)
Start importing Assets/Prefabs/GameOverCanvas.prefab using Guid(4d260ae53ea38094e968ca102d743526) Importer(815301076,1909f56bfc062723c751e8b465ee728b)  -> (artifact id: 'b3dd63d51080cdf2bd5007aca50a3bff') in 0.039044 seconds 
  Import took 0.045340 seconds .

========================================================================
Received Import Request.
  Time since last request: 0.000333 seconds.
  path: Assets/Prefabs/Triangle.prefab
  artifactKey: Guid(a7a20bb749b744044bb235ea1e406d4b) Importer(815301076,1909f56bfc062723c751e8b465ee728b)
Start importing Assets/Prefabs/Triangle.prefab using Guid(a7a20bb749b744044bb235ea1e406d4b) Importer(815301076,1909f56bfc062723c751e8b465ee728b)  -> (artifact id: 'cce152fae95279795bd64121de38ca52') in 0.019708 seconds 
  Import took 0.025343 seconds .

========================================================================
Received Import Request.
  Time since last request: 0.000324 seconds.
  path: Assets/Prefabs/Pentagon.prefab
  artifactKey: Guid(e9a3ccafa5cb3c243b896ab583de24d7) Importer(815301076,1909f56bfc062723c751e8b465ee728b)
Start importing Assets/Prefabs/Pentagon.prefab using Guid(e9a3ccafa5cb3c243b896ab583de24d7) Importer(815301076,1909f56bfc062723c751e8b465ee728b)  -> (artifact id: 'b1ac875bd990c244b647e357e54e2a33') in 0.021997 seconds 
  Import took 0.028336 seconds .

========================================================================
Received Import Request.
  Time since last request: 0.000450 seconds.
  path: Assets/Prefabs/ScoreCanvas.prefab
  artifactKey: Guid(558a0c94bad7986428cff0ec67b8a6ed) Importer(815301076,1909f56bfc062723c751e8b465ee728b)
Start importing Assets/Prefabs/ScoreCanvas.prefab using Guid(558a0c94bad7986428cff0ec67b8a6ed) Importer(815301076,1909f56bfc062723c751e8b465ee728b)  -> (artifact id: '05332dc71c66bb53d1093c1068738c4c') in 0.012851 seconds 
  Import took 0.018434 seconds .

========================================================================
Received Prepare
Registering precompiled user dll's ...
Registered in 0.005712 seconds.
Begin MonoManager ReloadAssembly
Native extension for WindowsStandalone target not found
Refreshing native plugins compatible for Editor in 0.56 ms, found 3 plugins.
Preloading 0 native plugins for Editor in 0.00 ms.
Mono: successfully reloaded assembly
- Completed reload, in  1.577 seconds
Domain Reload Profiling:
	ReloadAssembly (1577ms)
		BeginReloadAssembly (208ms)
			ExecutionOrderSort (0ms)
			DisableScriptedObjects (9ms)
			BackupInstance (0ms)
			ReleaseScriptingObjects (0ms)
			CreateAndSetChildDomain (57ms)
		EndReloadAssembly (1271ms)
			LoadAssemblies (181ms)
			RebuildTransferFunctionScriptingTraits (0ms)
			SetupTypeCache (424ms)
			ReleaseScriptCaches (1ms)
			RebuildScriptCaches (65ms)
			SetupLoadedEditorAssemblies (460ms)
				LogAssemblyErrors (0ms)
				InitializePlatformSupportModulesInManaged (6ms)
				SetLoadedEditorAssemblies (1ms)
				RefreshPlugins (1ms)
				BeforeProcessingInitializeOnLoad (94ms)
				ProcessInitializeOnLoadAttributes (337ms)
				ProcessInitializeOnLoadMethodAttributes (10ms)
				AfterProcessingInitializeOnLoad (12ms)
				EditorAssembliesLoaded (0ms)
			ExecutionOrderSort2 (0ms)
			AwakeInstancesAfterBackupRestoration (18ms)
Platform modules already initialized, skipping
Refreshing native plugins compatible for Editor in 0.58 ms, found 3 plugins.
Preloading 0 native plugins for Editor in 0.00 ms.
Unloading 2118 Unused Serialized files (Serialized files now loaded: 0)
System memory in use before: 112.2 MB.
System memory in use after: 112.3 MB.

Unloading 21 unused Assets to reduce memory usage. Loaded Objects now: 2678.
Total: 5.216300 ms (FindLiveObjects: 0.312900 ms CreateObjectMapping: 0.083300 ms MarkObjects: 4.532600 ms  DeleteObjects: 0.285000 ms)

AssetImportParameters requested are different than current active one (requested -> active):
  custom:framework-win-MediaFoundation: 216162199b28c13a410421893ffa2e32 -> 
  custom:video-decoder-ogg-theora: a1e56fd34408186e4bbccfd4996cb3dc -> 
  custom:container-muxer-webm: aa71ff27fc2769a1b78a27578f13a17b -> 
  custom:container-demuxer-webm: 4f35f7cbe854078d1ac9338744f61a02 -> 
  custom:container-demuxer-ogg: 62fdf1f143b41e24485cea50d1cbac27 -> 
  custom:video-encoder-webm-vp8: eb34c28f22e8b96e1ab97ce403110664 -> 
  custom:video-decoder-webm-vp8: 9c59270c3fd7afecdb556c50c9e8de78 -> 
  custom:audio-decoder-ogg-vorbis: bf7c407c2cedff20999df2af8eb42d56 -> 
  custom:audio-encoder-webm-vorbis: bf7c407c2cedff20999df2af8eb42d56 -> 
========================================================================
Received Prepare
Registering precompiled user dll's ...
Registered in 0.005342 seconds.
Begin MonoManager ReloadAssembly
Native extension for WindowsStandalone target not found
Refreshing native plugins compatible for Editor in 0.84 ms, found 3 plugins.
Preloading 0 native plugins for Editor in 0.00 ms.
Mono: successfully reloaded assembly
- Completed reload, in  1.734 seconds
Domain Reload Profiling:
	ReloadAssembly (1735ms)
		BeginReloadAssembly (221ms)
			ExecutionOrderSort (0ms)
			DisableScriptedObjects (8ms)
			BackupInstance (0ms)
			ReleaseScriptingObjects (0ms)
			CreateAndSetChildDomain (48ms)
		EndReloadAssembly (1401ms)
			LoadAssemblies (200ms)
			RebuildTransferFunctionScriptingTraits (0ms)
			SetupTypeCache (460ms)
			ReleaseScriptCaches (3ms)
			RebuildScriptCaches (103ms)
			SetupLoadedEditorAssemblies (477ms)
				LogAssemblyErrors (0ms)
				InitializePlatformSupportModulesInManaged (8ms)
				SetLoadedEditorAssemblies (1ms)
				RefreshPlugins (1ms)
				BeforeProcessingInitializeOnLoad (108ms)
				ProcessInitializeOnLoadAttributes (335ms)
				ProcessInitializeOnLoadMethodAttributes (11ms)
				AfterProcessingInitializeOnLoad (14ms)
				EditorAssembliesLoaded (0ms)
			ExecutionOrderSort2 (0ms)
			AwakeInstancesAfterBackupRestoration (15ms)
Platform modules already initialized, skipping
Refreshing native plugins compatible for Editor in 0.80 ms, found 3 plugins.
Preloading 0 native plugins for Editor in 0.00 ms.
Unloading 2118 Unused Serialized files (Serialized files now loaded: 0)
System memory in use before: 112.3 MB.
System memory in use after: 112.3 MB.

Unloading 18 unused Assets to reduce memory usage. Loaded Objects now: 2681.
Total: 5.843500 ms (FindLiveObjects: 0.407300 ms CreateObjectMapping: 0.104400 ms MarkObjects: 5.063700 ms  DeleteObjects: 0.265300 ms)

AssetImportParameters requested are different than current active one (requested -> active):
  custom:framework-win-MediaFoundation: 216162199b28c13a410421893ffa2e32 -> 
  custom:video-decoder-ogg-theora: a1e56fd34408186e4bbccfd4996cb3dc -> 
  custom:container-muxer-webm: aa71ff27fc2769a1b78a27578f13a17b -> 
  custom:container-demuxer-webm: 4f35f7cbe854078d1ac9338744f61a02 -> 
  custom:container-demuxer-ogg: 62fdf1f143b41e24485cea50d1cbac27 -> 
  custom:video-encoder-webm-vp8: eb34c28f22e8b96e1ab97ce403110664 -> 
  custom:video-decoder-webm-vp8: 9c59270c3fd7afecdb556c50c9e8de78 -> 
  custom:audio-decoder-ogg-vorbis: bf7c407c2cedff20999df2af8eb42d56 -> 
  custom:audio-encoder-webm-vorbis: bf7c407c2cedff20999df2af8eb42d56 -> 
========================================================================
Received Prepare
Registering precompiled user dll's ...
Registered in 0.005964 seconds.
Begin MonoManager ReloadAssembly
Native extension for WindowsStandalone target not found
Refreshing native plugins compatible for Editor in 0.97 ms, found 3 plugins.
Preloading 0 native plugins for Editor in 0.00 ms.
Mono: successfully reloaded assembly
- Completed reload, in  1.586 seconds
Domain Reload Profiling:
	ReloadAssembly (1586ms)
		BeginReloadAssembly (175ms)
			ExecutionOrderSort (0ms)
			DisableScriptedObjects (8ms)
			BackupInstance (0ms)
			ReleaseScriptingObjects (0ms)
			CreateAndSetChildDomain (45ms)
		EndReloadAssembly (1307ms)
			LoadAssemblies (153ms)
			RebuildTransferFunctionScriptingTraits (0ms)
			SetupTypeCache (414ms)
			ReleaseScriptCaches (1ms)
			RebuildScriptCaches (75ms)
			SetupLoadedEditorAssemblies (504ms)
				LogAssemblyErrors (0ms)
				InitializePlatformSupportModulesInManaged (8ms)
				SetLoadedEditorAssemblies (2ms)
				RefreshPlugins (1ms)
				BeforeProcessingInitializeOnLoad (116ms)
				ProcessInitializeOnLoadAttributes (354ms)
				ProcessInitializeOnLoadMethodAttributes (11ms)
				AfterProcessingInitializeOnLoad (13ms)
				EditorAssembliesLoaded (0ms)
			ExecutionOrderSort2 (0ms)
			AwakeInstancesAfterBackupRestoration (21ms)
Platform modules already initialized, skipping
Refreshing native plugins compatible for Editor in 0.74 ms, found 3 plugins.
Preloading 0 native plugins for Editor in 0.00 ms.
Unloading 2118 Unused Serialized files (Serialized files now loaded: 0)
System memory in use before: 112.3 MB.
System memory in use after: 112.3 MB.

Unloading 18 unused Assets to reduce memory usage. Loaded Objects now: 2684.
Total: 5.756400 ms (FindLiveObjects: 0.333100 ms CreateObjectMapping: 0.075700 ms MarkObjects: 5.132500 ms  DeleteObjects: 0.213100 ms)

AssetImportParameters requested are different than current active one (requested -> active):
  custom:framework-win-MediaFoundation: 216162199b28c13a410421893ffa2e32 -> 
  custom:video-decoder-ogg-theora: a1e56fd34408186e4bbccfd4996cb3dc -> 
  custom:container-muxer-webm: aa71ff27fc2769a1b78a27578f13a17b -> 
  custom:container-demuxer-webm: 4f35f7cbe854078d1ac9338744f61a02 -> 
  custom:container-demuxer-ogg: 62fdf1f143b41e24485cea50d1cbac27 -> 
  custom:video-encoder-webm-vp8: eb34c28f22e8b96e1ab97ce403110664 -> 
  custom:video-decoder-webm-vp8: 9c59270c3fd7afecdb556c50c9e8de78 -> 
  custom:audio-decoder-ogg-vorbis: bf7c407c2cedff20999df2af8eb42d56 -> 
  custom:audio-encoder-webm-vorbis: bf7c407c2cedff20999df2af8eb42d56 -> 
========================================================================
Received Prepare
Registering precompiled user dll's ...
Registered in 0.005208 seconds.
Begin MonoManager ReloadAssembly
Native extension for WindowsStandalone target not found
Refreshing native plugins compatible for Editor in 0.64 ms, found 3 plugins.
Preloading 0 native plugins for Editor in 0.00 ms.
Mono: successfully reloaded assembly
- Completed reload, in  1.785 seconds
Domain Reload Profiling:
	ReloadAssembly (1785ms)
		BeginReloadAssembly (192ms)
			ExecutionOrderSort (0ms)
			DisableScriptedObjects (9ms)
			BackupInstance (0ms)
			ReleaseScriptingObjects (0ms)
			CreateAndSetChildDomain (54ms)
		EndReloadAssembly (1485ms)
			LoadAssemblies (174ms)
			RebuildTransferFunctionScriptingTraits (0ms)
			SetupTypeCache (464ms)
			ReleaseScriptCaches (2ms)
			RebuildScriptCaches (118ms)
			SetupLoadedEditorAssemblies (509ms)
				LogAssemblyErrors (0ms)
				InitializePlatformSupportModulesInManaged (9ms)
				SetLoadedEditorAssemblies (2ms)
				RefreshPlugins (1ms)
				BeforeProcessingInitializeOnLoad (93ms)
				ProcessInitializeOnLoadAttributes (383ms)
				ProcessInitializeOnLoadMethodAttributes (10ms)
				AfterProcessingInitializeOnLoad (11ms)
				EditorAssembliesLoaded (0ms)
			ExecutionOrderSort2 (0ms)
			AwakeInstancesAfterBackupRestoration (14ms)
Platform modules already initialized, skipping
Refreshing native plugins compatible for Editor in 0.65 ms, found 3 plugins.
Preloading 0 native plugins for Editor in 0.00 ms.
Unloading 2118 Unused Serialized files (Serialized files now loaded: 0)
System memory in use before: 112.3 MB.
System memory in use after: 112.3 MB.

Unloading 18 unused Assets to reduce memory usage. Loaded Objects now: 2687.
Total: 4.982200 ms (FindLiveObjects: 0.302000 ms CreateObjectMapping: 0.071500 ms MarkObjects: 4.379000 ms  DeleteObjects: 0.227800 ms)

AssetImportParameters requested are different than current active one (requested -> active):
  custom:framework-win-MediaFoundation: 216162199b28c13a410421893ffa2e32 -> 
  custom:video-decoder-ogg-theora: a1e56fd34408186e4bbccfd4996cb3dc -> 
  custom:container-muxer-webm: aa71ff27fc2769a1b78a27578f13a17b -> 
  custom:container-demuxer-webm: 4f35f7cbe854078d1ac9338744f61a02 -> 
  custom:container-demuxer-ogg: 62fdf1f143b41e24485cea50d1cbac27 -> 
  custom:video-encoder-webm-vp8: eb34c28f22e8b96e1ab97ce403110664 -> 
  custom:video-decoder-webm-vp8: 9c59270c3fd7afecdb556c50c9e8de78 -> 
  custom:audio-decoder-ogg-vorbis: bf7c407c2cedff20999df2af8eb42d56 -> 
  custom:audio-encoder-webm-vorbis: bf7c407c2cedff20999df2af8eb42d56 -> 
========================================================================
Received Prepare
Registering precompiled user dll's ...
Registered in 0.006996 seconds.
Begin MonoManager ReloadAssembly
Native extension for WindowsStandalone target not found
Refreshing native plugins compatible for Editor in 0.93 ms, found 3 plugins.
Preloading 0 native plugins for Editor in 0.00 ms.
Mono: successfully reloaded assembly
- Completed reload, in  1.582 seconds
Domain Reload Profiling:
	ReloadAssembly (1583ms)
		BeginReloadAssembly (196ms)
			ExecutionOrderSort (0ms)
			DisableScriptedObjects (13ms)
			BackupInstance (0ms)
			ReleaseScriptingObjects (0ms)
			CreateAndSetChildDomain (45ms)
		EndReloadAssembly (1280ms)
			LoadAssemblies (176ms)
			RebuildTransferFunctionScriptingTraits (0ms)
			SetupTypeCache (400ms)
			ReleaseScriptCaches (1ms)
			RebuildScriptCaches (73ms)
			SetupLoadedEditorAssemblies (484ms)
				LogAssemblyErrors (0ms)
				InitializePlatformSupportModulesInManaged (9ms)
				SetLoadedEditorAssemblies (1ms)
				RefreshPlugins (1ms)
				BeforeProcessingInitializeOnLoad (104ms)
				ProcessInitializeOnLoadAttributes (341ms)
				ProcessInitializeOnLoadMethodAttributes (13ms)
				AfterProcessingInitializeOnLoad (13ms)
				EditorAssembliesLoaded (0ms)
			ExecutionOrderSort2 (0ms)
			AwakeInstancesAfterBackupRestoration (20ms)
Platform modules already initialized, skipping
Refreshing native plugins compatible for Editor in 11.27 ms, found 3 plugins.
Preloading 0 native plugins for Editor in 0.00 ms.
Unloading 2118 Unused Serialized files (Serialized files now loaded: 0)
System memory in use before: 112.3 MB.
System memory in use after: 112.3 MB.

Unloading 18 unused Assets to reduce memory usage. Loaded Objects now: 2690.
Total: 4.800800 ms (FindLiveObjects: 0.359200 ms CreateObjectMapping: 0.112700 ms MarkObjects: 4.058000 ms  DeleteObjects: 0.268800 ms)

AssetImportParameters requested are different than current active one (requested -> active):
  custom:framework-win-MediaFoundation: 216162199b28c13a410421893ffa2e32 -> 
  custom:video-decoder-ogg-theora: a1e56fd34408186e4bbccfd4996cb3dc -> 
  custom:container-muxer-webm: aa71ff27fc2769a1b78a27578f13a17b -> 
  custom:container-demuxer-webm: 4f35f7cbe854078d1ac9338744f61a02 -> 
  custom:container-demuxer-ogg: 62fdf1f143b41e24485cea50d1cbac27 -> 
  custom:video-encoder-webm-vp8: eb34c28f22e8b96e1ab97ce403110664 -> 
  custom:video-decoder-webm-vp8: 9c59270c3fd7afecdb556c50c9e8de78 -> 
  custom:audio-decoder-ogg-vorbis: bf7c407c2cedff20999df2af8eb42d56 -> 
  custom:audio-encoder-webm-vorbis: bf7c407c2cedff20999df2af8eb42d56 -> 
========================================================================
Received Prepare
Registering precompiled user dll's ...
Registered in 0.009009 seconds.
Begin MonoManager ReloadAssembly
Native extension for WindowsStandalone target not found
Refreshing native plugins compatible for Editor in 0.61 ms, found 3 plugins.
Preloading 0 native plugins for Editor in 0.00 ms.
Mono: successfully reloaded assembly
- Completed reload, in  1.573 seconds
Domain Reload Profiling:
	ReloadAssembly (1574ms)
		BeginReloadAssembly (196ms)
			ExecutionOrderSort (0ms)
			DisableScriptedObjects (9ms)
			BackupInstance (0ms)
			ReleaseScriptingObjects (0ms)
			CreateAndSetChildDomain (52ms)
		EndReloadAssembly (1277ms)
			LoadAssemblies (162ms)
			RebuildTransferFunctionScriptingTraits (0ms)
			SetupTypeCache (410ms)
			ReleaseScriptCaches (1ms)
			RebuildScriptCaches (68ms)
			SetupLoadedEditorAssemblies (506ms)
				LogAssemblyErrors (0ms)
				InitializePlatformSupportModulesInManaged (8ms)
				SetLoadedEditorAssemblies (1ms)
				RefreshPlugins (1ms)
				BeforeProcessingInitializeOnLoad (102ms)
				ProcessInitializeOnLoadAttributes (368ms)
				ProcessInitializeOnLoadMethodAttributes (11ms)
				AfterProcessingInitializeOnLoad (16ms)
				EditorAssembliesLoaded (0ms)
			ExecutionOrderSort2 (0ms)
			AwakeInstancesAfterBackupRestoration (14ms)
Platform modules already initialized, skipping
Refreshing native plugins compatible for Editor in 0.62 ms, found 3 plugins.
Preloading 0 native plugins for Editor in 0.00 ms.
Unloading 2118 Unused Serialized files (Serialized files now loaded: 0)
System memory in use before: 112.3 MB.
System memory in use after: 112.4 MB.

Unloading 18 unused Assets to reduce memory usage. Loaded Objects now: 2693.
Total: 4.612000 ms (FindLiveObjects: 0.507400 ms CreateObjectMapping: 0.236900 ms MarkObjects: 3.663400 ms  DeleteObjects: 0.201900 ms)

AssetImportParameters requested are different than current active one (requested -> active):
  custom:framework-win-MediaFoundation: 216162199b28c13a410421893ffa2e32 -> 
  custom:video-decoder-ogg-theora: a1e56fd34408186e4bbccfd4996cb3dc -> 
  custom:container-muxer-webm: aa71ff27fc2769a1b78a27578f13a17b -> 
  custom:container-demuxer-webm: 4f35f7cbe854078d1ac9338744f61a02 -> 
  custom:container-demuxer-ogg: 62fdf1f143b41e24485cea50d1cbac27 -> 
  custom:video-encoder-webm-vp8: eb34c28f22e8b96e1ab97ce403110664 -> 
  custom:video-decoder-webm-vp8: 9c59270c3fd7afecdb556c50c9e8de78 -> 
  custom:audio-decoder-ogg-vorbis: bf7c407c2cedff20999df2af8eb42d56 -> 
  custom:audio-encoder-webm-vorbis: bf7c407c2cedff20999df2af8eb42d56 -> 
AssetImportWorkerClient::OnTransportError - code=2 error=End of file
